<?xml version="1.0" encoding="UTF-8"?>
<testsuite name="com.teamphoenix.ahub.news.command.service.NewsServiceImplTest" tests="5" skipped="0" failures="0" errors="0" timestamp="2024-03-10T09:39:39" hostname="LAPTOP-K0F1N51O" time="0.073">
  <properties/>
  <testcase name="[1] postNum=1" classname="com.teamphoenix.ahub.news.command.service.NewsServiceImplTest" time="0.008"/>
  <testcase name="[2] postNum=3" classname="com.teamphoenix.ahub.news.command.service.NewsServiceImplTest" time="0.007"/>
  <testcase name="[3] postNum=8" classname="com.teamphoenix.ahub.news.command.service.NewsServiceImplTest" time="0.006"/>
  <testcase name="[1] newsInfo=NewsDTO{newsId=0, newsTitle='뉴스 게시물 등록', newsContent='뉴스 게시물 등록합니다.', newsWritedate=2024-03-10T18:39:39.422618100, useAcceptance=1, memberCode=1}" classname="com.teamphoenix.ahub.news.command.service.NewsServiceImplTest" time="0.026"/>
  <testcase name="[1] postNum=8, modifyInfo=NewsDTO{newsId=8, newsTitle='뉴스 게시물 수정', newsContent='뉴스 게시물 수정합니다 ', newsWritedate=2024-03-10T18:39:39.456115100, useAcceptance=1, memberCode=1}" classname="com.teamphoenix.ahub.news.command.service.NewsServiceImplTest" time="0.012"/>
  <system-out><![CDATA[2024-03-10T18:39:39.372+09:00  INFO 26604 --- [fair-and-news-service] [    Test worker] t.c.s.AnnotationConfigContextLoaderUtils : Could not detect default configuration classes for test class [com.teamphoenix.ahub.news.command.service.NewsServiceImplTest]: NewsServiceImplTest does not declare any static, non-private, non-final, nested classes annotated with @Configuration.
2024-03-10T18:39:39.389+09:00  INFO 26604 --- [fair-and-news-service] [    Test worker] .b.t.c.SpringBootTestContextBootstrapper : Found @SpringBootConfiguration com.teamphoenix.AhubFairAndNewsApplication for test class com.teamphoenix.ahub.news.command.service.NewsServiceImplTest
Hibernate: 
    select
        n1_0.news_id,
        n1_0.member_code,
        n1_0.news_content,
        n1_0.news_title,
        n1_0.news_writedate,
        n1_0.use_acceptance 
    from
        news n1_0 
    where
        n1_0.news_id=?
Hibernate: 
    select
        n1_0.news_id,
        n1_0.member_code,
        n1_0.news_content,
        n1_0.news_title,
        n1_0.news_writedate,
        n1_0.use_acceptance 
    from
        news n1_0 
    where
        n1_0.news_id=?
Hibernate: 
    select
        n1_0.news_id,
        n1_0.member_code,
        n1_0.news_content,
        n1_0.news_title,
        n1_0.news_writedate,
        n1_0.use_acceptance 
    from
        news n1_0 
    where
        n1_0.news_id=?
===================================================
news1 = News{newsId=0, newsTitle='뉴스 게시물 등록', newsContent='뉴스 게시물 등록합니다.', newsWritedate=2024-03-10T18:39:39.422618100, useAcceptance=1, memberCode=1}
Hibernate: 
    insert 
    into
        news
        (member_code, news_content, news_title, news_writedate, use_acceptance) 
    values
        (?, ?, ?, ?, ?)
Hibernate: 
    select
        n1_0.news_id,
        n1_0.member_code,
        n1_0.news_content,
        n1_0.news_title,
        n1_0.news_writedate,
        n1_0.use_acceptance 
    from
        news n1_0 
    where
        n1_0.news_title=?
Hibernate: 
    select
        n1_0.news_id,
        n1_0.member_code,
        n1_0.news_content,
        n1_0.news_title,
        n1_0.news_writedate,
        n1_0.use_acceptance 
    from
        news n1_0 
    where
        n1_0.news_id=?
===================여기까지 오나?==============================
]]></system-out>
  <system-err><![CDATA[]]></system-err>
</testsuite>
