<?xml version="1.0" encoding="UTF-8"?>
<testsuite name="com.teamphoenix.ahub.fair.query.service.FairServiceImplTest" tests="7" skipped="0" failures="0" errors="0" timestamp="2024-03-10T11:48:32" hostname="LAPTOP-K0F1N51O" time="0.246">
  <properties/>
  <testcase name="[1] fairId=1" classname="com.teamphoenix.ahub.fair.query.service.FairServiceImplTest" time="0.059"/>
  <testcase name="[2] fairId=3" classname="com.teamphoenix.ahub.fair.query.service.FairServiceImplTest" time="0.021"/>
  <testcase name="[3] fairId=8" classname="com.teamphoenix.ahub.fair.query.service.FairServiceImplTest" time="0.018"/>
  <testcase name="[1] getInfo=FairDTO{fairId=0, fairTitle='null', fairContent='null', fairWritedate=null, useAcceptance=0, memberCode=0, writerId='null'}" classname="com.teamphoenix.ahub.fair.query.service.FairServiceImplTest" time="0.091"/>
  <testcase name="[2] getInfo=FairDTO{fairId=0, fairTitle='2024', fairContent='null', fairWritedate=null, useAcceptance=0, memberCode=0, writerId='null'}" classname="com.teamphoenix.ahub.fair.query.service.FairServiceImplTest" time="0.015"/>
  <testcase name="[3] getInfo=FairDTO{fairId=0, fairTitle='null', fairContent='맥주', fairWritedate=null, useAcceptance=0, memberCode=0, writerId='null'}" classname="com.teamphoenix.ahub.fair.query.service.FairServiceImplTest" time="0.015"/>
  <testcase name="[4] getInfo=FairDTO{fairId=0, fairTitle='맥주', fairContent='맥주', fairWritedate=null, useAcceptance=0, memberCode=0, writerId='null'}" classname="com.teamphoenix.ahub.fair.query.service.FairServiceImplTest" time="0.016"/>
  <system-out><![CDATA[2024-03-10T20:48:32.737+09:00  INFO 24968 --- [fair-and-news-service] [    Test worker] t.c.s.AnnotationConfigContextLoaderUtils : Could not detect default configuration classes for test class [com.teamphoenix.ahub.fair.query.service.FairServiceImplTest]: FairServiceImplTest does not declare any static, non-private, non-final, nested classes annotated with @Configuration.
2024-03-10T20:48:32.765+09:00  INFO 24968 --- [fair-and-news-service] [    Test worker] .b.t.c.SpringBootTestContextBootstrapper : Found @SpringBootConfiguration com.teamphoenix.AhubFairAndNewsApplication for test class com.teamphoenix.ahub.fair.query.service.FairServiceImplTest
]]></system-out>
  <system-err><![CDATA[]]></system-err>
</testsuite>
