<?xml version="1.0" encoding="UTF-8"?>
<testsuite name="com.teamphoenix.ahub.fair.command.service.FairServiceImplTest" tests="7" skipped="0" failures="0" errors="0" timestamp="2024-03-10T09:39:38" hostname="LAPTOP-K0F1N51O" time="0.967">
  <properties/>
  <testcase name="[1] postNum=1" classname="com.teamphoenix.ahub.fair.command.service.FairServiceImplTest" time="0.645"/>
  <testcase name="[2] postNum=3" classname="com.teamphoenix.ahub.fair.command.service.FairServiceImplTest" time="0.008"/>
  <testcase name="[3] postNum=9" classname="com.teamphoenix.ahub.fair.command.service.FairServiceImplTest" time="0.009"/>
  <testcase name="[1] postNum=8, modifyInfo=FairDTO{fairId=8, fairTitle='위스키 페어 게시물 등록2', fairContent='위스키 페어 게시물을 등록합니다.', fairWritedate=2024-03-10T18:39:38.854963, useAcceptance=1, memberCode=1, writerInfo=null}" classname="com.teamphoenix.ahub.fair.command.service.FairServiceImplTest" time="0.122"/>
  <testcase name="[1] fairInfo=FairDTO{fairId=0, fairTitle='위스키 페어 게시물 등록2', fairContent='위스키 페어 게시물을 등록합니다.', fairWritedate=2024-03-10T18:39:38.987476700, useAcceptance=1, memberCode=1, writerInfo=null}" classname="com.teamphoenix.ahub.fair.command.service.FairServiceImplTest" time="0.106"/>
  <testcase name="[2] fairInfo=FairDTO{fairId=0, fairTitle='맥주 페어 게시물 등록3', fairContent='맥주 페어 게시물을 등록합니다.', fairWritedate=2024-03-10T18:39:38.987476700, useAcceptance=1, memberCode=1, writerInfo=null}" classname="com.teamphoenix.ahub.fair.command.service.FairServiceImplTest" time="0.024"/>
  <testcase name="[3] fairInfo=FairDTO{fairId=0, fairTitle='와인 페어 게시물 등록4', fairContent='와인 페어 게시물을 등록합니다.', fairWritedate=2024-03-10T18:39:38.987476700, useAcceptance=1, memberCode=1, writerInfo=null}" classname="com.teamphoenix.ahub.fair.command.service.FairServiceImplTest" time="0.025"/>
  <system-out><![CDATA[18:39:28.910 [Test worker] INFO org.springframework.test.context.support.AnnotationConfigContextLoaderUtils -- Could not detect default configuration classes for test class [com.teamphoenix.ahub.fair.command.service.FairServiceImplTest]: FairServiceImplTest does not declare any static, non-private, non-final, nested classes annotated with @Configuration.
18:39:29.052 [Test worker] INFO org.springframework.boot.test.context.SpringBootTestContextBootstrapper -- Found @SpringBootConfiguration com.teamphoenix.AhubFairAndNewsApplication for test class com.teamphoenix.ahub.fair.command.service.FairServiceImplTest

  .   ____          _            __ _ _
 /\\ / ___'_ __ _ _(_)_ __  __ _ \ \ \ \
( ( )\___ | '_ | '_| | '_ \/ _` | \ \ \ \
 \\/  ___)| |_)| | | | | || (_| |  ) ) ) )
  '  |____| .__|_| |_|_| |_\__, | / / / /
 =========|_|==============|___/=/_/_/_/
 :: Spring Boot ::                (v3.2.3)

2024-03-10T18:39:30.624+09:00  INFO 26604 --- [fair-and-news-service] [    Test worker] c.t.a.f.c.service.FairServiceImplTest    : Starting FairServiceImplTest using Java 17.0.3 with PID 26604 (started by Playdata in C:\study\team4-project-ahub\ahub-fair-and-news)
2024-03-10T18:39:30.626+09:00  INFO 26604 --- [fair-and-news-service] [    Test worker] c.t.a.f.c.service.FairServiceImplTest    : No active profile set, falling back to 1 default profile: "default"
2024-03-10T18:39:31.633+09:00  INFO 26604 --- [fair-and-news-service] [    Test worker] .s.d.r.c.RepositoryConfigurationDelegate : Bootstrapping Spring Data JPA repositories in DEFAULT mode.
2024-03-10T18:39:31.793+09:00  INFO 26604 --- [fair-and-news-service] [    Test worker] .s.d.r.c.RepositoryConfigurationDelegate : Finished Spring Data repository scanning in 151 ms. Found 2 JPA repository interfaces.
2024-03-10T18:39:32.152+09:00  INFO 26604 --- [fair-and-news-service] [    Test worker] o.s.cloud.context.scope.GenericScope     : BeanFactory id=e5ee2630-1978-3ebf-967c-e03330184f96
2024-03-10T18:39:32.336+09:00  WARN 26604 --- [fair-and-news-service] [    Test worker] trationDelegate$BeanPostProcessorChecker : Bean 'org.springframework.cloud.client.loadbalancer.LoadBalancerAutoConfiguration$LoadBalancerInterceptorConfig' of type [org.springframework.cloud.client.loadbalancer.LoadBalancerAutoConfiguration$LoadBalancerInterceptorConfig] is not eligible for getting processed by all BeanPostProcessors (for example: not eligible for auto-proxying). The currently created BeanPostProcessor [lbRestClientPostProcessor] is declared through a non-static factory method on that class; consider declaring it as static instead.
2024-03-10T18:39:32.339+09:00  WARN 26604 --- [fair-and-news-service] [    Test worker] trationDelegate$BeanPostProcessorChecker : Bean 'org.springframework.cloud.loadbalancer.config.BlockingLoadBalancerClientAutoConfiguration' of type [org.springframework.cloud.loadbalancer.config.BlockingLoadBalancerClientAutoConfiguration] is not eligible for getting processed by all BeanPostProcessors (for example: not eligible for auto-proxying). Is this bean getting eagerly injected into a currently created BeanPostProcessor [lbRestClientPostProcessor]? Check the corresponding BeanPostProcessor declaration and its dependencies.
2024-03-10T18:39:32.340+09:00  WARN 26604 --- [fair-and-news-service] [    Test worker] trationDelegate$BeanPostProcessorChecker : Bean 'org.springframework.cloud.loadbalancer.config.LoadBalancerAutoConfiguration' of type [org.springframework.cloud.loadbalancer.config.LoadBalancerAutoConfiguration] is not eligible for getting processed by all BeanPostProcessors (for example: not eligible for auto-proxying). Is this bean getting eagerly injected into a currently created BeanPostProcessor [lbRestClientPostProcessor]? Check the corresponding BeanPostProcessor declaration and its dependencies.
2024-03-10T18:39:32.349+09:00  WARN 26604 --- [fair-and-news-service] [    Test worker] trationDelegate$BeanPostProcessorChecker : Bean 'org.springframework.cloud.commons.config.CommonsConfigAutoConfiguration' of type [org.springframework.cloud.commons.config.CommonsConfigAutoConfiguration] is not eligible for getting processed by all BeanPostProcessors (for example: not eligible for auto-proxying). Is this bean getting eagerly injected into a currently created BeanPostProcessor [lbRestClientPostProcessor]? Check the corresponding BeanPostProcessor declaration and its dependencies.
2024-03-10T18:39:32.353+09:00  WARN 26604 --- [fair-and-news-service] [    Test worker] trationDelegate$BeanPostProcessorChecker : Bean 'org.springframework.cloud.client.loadbalancer.LoadBalancerDefaultMappingsProviderAutoConfiguration' of type [org.springframework.cloud.client.loadbalancer.LoadBalancerDefaultMappingsProviderAutoConfiguration] is not eligible for getting processed by all BeanPostProcessors (for example: not eligible for auto-proxying). Is this bean getting eagerly injected into a currently created BeanPostProcessor [lbRestClientPostProcessor]? Check the corresponding BeanPostProcessor declaration and its dependencies.
2024-03-10T18:39:32.354+09:00  WARN 26604 --- [fair-and-news-service] [    Test worker] trationDelegate$BeanPostProcessorChecker : Bean 'loadBalancerClientsDefaultsMappingsProvider' of type [org.springframework.cloud.client.loadbalancer.LoadBalancerDefaultMappingsProviderAutoConfiguration$$Lambda$1014/0x00000008010e7218] is not eligible for getting processed by all BeanPostProcessors (for example: not eligible for auto-proxying). Is this bean getting eagerly injected into a currently created BeanPostProcessor [lbRestClientPostProcessor]? Check the corresponding BeanPostProcessor declaration and its dependencies.
2024-03-10T18:39:32.356+09:00  WARN 26604 --- [fair-and-news-service] [    Test worker] trationDelegate$BeanPostProcessorChecker : Bean 'defaultsBindHandlerAdvisor' of type [org.springframework.cloud.commons.config.DefaultsBindHandlerAdvisor] is not eligible for getting processed by all BeanPostProcessors (for example: not eligible for auto-proxying). Is this bean getting eagerly injected into a currently created BeanPostProcessor [lbRestClientPostProcessor]? Check the corresponding BeanPostProcessor declaration and its dependencies.
2024-03-10T18:39:32.364+09:00  WARN 26604 --- [fair-and-news-service] [    Test worker] trationDelegate$BeanPostProcessorChecker : Bean 'spring.cloud.loadbalancer-org.springframework.cloud.client.loadbalancer.LoadBalancerClientsProperties' of type [org.springframework.cloud.client.loadbalancer.LoadBalancerClientsProperties] is not eligible for getting processed by all BeanPostProcessors (for example: not eligible for auto-proxying). Is this bean getting eagerly injected into a currently created BeanPostProcessor [lbRestClientPostProcessor]? Check the corresponding BeanPostProcessor declaration and its dependencies.
2024-03-10T18:39:32.371+09:00  WARN 26604 --- [fair-and-news-service] [    Test worker] trationDelegate$BeanPostProcessorChecker : Bean 'default.org.springframework.cloud.loadbalancer.config.LoadBalancerAutoConfiguration.LoadBalancerClientSpecification' of type [org.springframework.cloud.loadbalancer.annotation.LoadBalancerClientSpecification] is not eligible for getting processed by all BeanPostProcessors (for example: not eligible for auto-proxying). Is this bean getting eagerly injected into a currently created BeanPostProcessor [lbRestClientPostProcessor]? Check the corresponding BeanPostProcessor declaration and its dependencies.
2024-03-10T18:39:32.372+09:00  WARN 26604 --- [fair-and-news-service] [    Test worker] trationDelegate$BeanPostProcessorChecker : Bean 'default.org.springframework.cloud.loadbalancer.config.BlockingLoadBalancerClientAutoConfiguration.LoadBalancerClientSpecification' of type [org.springframework.cloud.loadbalancer.annotation.LoadBalancerClientSpecification] is not eligible for getting processed by all BeanPostProcessors (for example: not eligible for auto-proxying). Is this bean getting eagerly injected into a currently created BeanPostProcessor [lbRestClientPostProcessor]? Check the corresponding BeanPostProcessor declaration and its dependencies.
2024-03-10T18:39:32.373+09:00  WARN 26604 --- [fair-and-news-service] [    Test worker] trationDelegate$BeanPostProcessorChecker : Bean 'default.org.springframework.cloud.netflix.eureka.loadbalancer.LoadBalancerEurekaAutoConfiguration.LoadBalancerClientSpecification' of type [org.springframework.cloud.loadbalancer.annotation.LoadBalancerClientSpecification] is not eligible for getting processed by all BeanPostProcessors (for example: not eligible for auto-proxying). Is this bean getting eagerly injected into a currently created BeanPostProcessor [lbRestClientPostProcessor]? Check the corresponding BeanPostProcessor declaration and its dependencies.
2024-03-10T18:39:32.374+09:00  WARN 26604 --- [fair-and-news-service] [    Test worker] trationDelegate$BeanPostProcessorChecker : Bean 'loadBalancerClientFactory' of type [org.springframework.cloud.loadbalancer.support.LoadBalancerClientFactory] is not eligible for getting processed by all BeanPostProcessors (for example: not eligible for auto-proxying). Is this bean getting eagerly injected into a currently created BeanPostProcessor [lbRestClientPostProcessor]? Check the corresponding BeanPostProcessor declaration and its dependencies.
2024-03-10T18:39:32.378+09:00  WARN 26604 --- [fair-and-news-service] [    Test worker] trationDelegate$BeanPostProcessorChecker : Bean 'blockingLoadBalancerClient' of type [org.springframework.cloud.loadbalancer.blocking.client.BlockingLoadBalancerClient] is not eligible for getting processed by all BeanPostProcessors (for example: not eligible for auto-proxying). Is this bean getting eagerly injected into a currently created BeanPostProcessor [lbRestClientPostProcessor]? Check the corresponding BeanPostProcessor declaration and its dependencies.
2024-03-10T18:39:32.385+09:00  WARN 26604 --- [fair-and-news-service] [    Test worker] trationDelegate$BeanPostProcessorChecker : Bean 'loadBalancerServiceInstanceCookieTransformer' of type [org.springframework.cloud.loadbalancer.core.LoadBalancerServiceInstanceCookieTransformer] is not eligible for getting processed by all BeanPostProcessors (for example: not eligible for auto-proxying). Is this bean getting eagerly injected into a currently created BeanPostProcessor [lbRestClientPostProcessor]? Check the corresponding BeanPostProcessor declaration and its dependencies.
2024-03-10T18:39:32.387+09:00  WARN 26604 --- [fair-and-news-service] [    Test worker] trationDelegate$BeanPostProcessorChecker : Bean 'xForwarderHeadersTransformer' of type [org.springframework.cloud.loadbalancer.blocking.XForwardedHeadersTransformer] is not eligible for getting processed by all BeanPostProcessors (for example: not eligible for auto-proxying). Is this bean getting eagerly injected into a currently created BeanPostProcessor [lbRestClientPostProcessor]? Check the corresponding BeanPostProcessor declaration and its dependencies.
2024-03-10T18:39:32.388+09:00  WARN 26604 --- [fair-and-news-service] [    Test worker] trationDelegate$BeanPostProcessorChecker : Bean 'org.springframework.cloud.client.loadbalancer.LoadBalancerAutoConfiguration' of type [org.springframework.cloud.client.loadbalancer.LoadBalancerAutoConfiguration] is not eligible for getting processed by all BeanPostProcessors (for example: not eligible for auto-proxying). Is this bean getting eagerly injected into a currently created BeanPostProcessor [lbRestClientPostProcessor]? Check the corresponding BeanPostProcessor declaration and its dependencies.
2024-03-10T18:39:32.391+09:00  WARN 26604 --- [fair-and-news-service] [    Test worker] trationDelegate$BeanPostProcessorChecker : Bean 'loadBalancerRequestFactory' of type [org.springframework.cloud.client.loadbalancer.LoadBalancerRequestFactory] is not eligible for getting processed by all BeanPostProcessors (for example: not eligible for auto-proxying). Is this bean getting eagerly injected into a currently created BeanPostProcessor [lbRestClientPostProcessor]? Check the corresponding BeanPostProcessor declaration and its dependencies.
2024-03-10T18:39:32.393+09:00  WARN 26604 --- [fair-and-news-service] [    Test worker] trationDelegate$BeanPostProcessorChecker : Bean 'loadBalancerInterceptor' of type [org.springframework.cloud.client.loadbalancer.LoadBalancerInterceptor] is not eligible for getting processed by all BeanPostProcessors (for example: not eligible for auto-proxying). Is this bean getting eagerly injected into a currently created BeanPostProcessor [lbRestClientPostProcessor]? Check the corresponding BeanPostProcessor declaration and its dependencies.
2024-03-10T18:39:32.518+09:00  INFO 26604 --- [fair-and-news-service] [    Test worker] com.zaxxer.hikari.HikariDataSource       : HikariPool-1 - Starting...
2024-03-10T18:39:32.615+09:00  INFO 26604 --- [fair-and-news-service] [    Test worker] com.zaxxer.hikari.pool.HikariPool        : HikariPool-1 - Added connection org.mariadb.jdbc.Connection@356341c9
2024-03-10T18:39:32.617+09:00  INFO 26604 --- [fair-and-news-service] [    Test worker] com.zaxxer.hikari.HikariDataSource       : HikariPool-1 - Start completed.
2024-03-10T18:39:32.668+09:00  INFO 26604 --- [fair-and-news-service] [    Test worker] o.hibernate.jpa.internal.util.LogHelper  : HHH000204: Processing PersistenceUnitInfo [name: default]
2024-03-10T18:39:32.719+09:00  INFO 26604 --- [fair-and-news-service] [    Test worker] org.hibernate.Version                    : HHH000412: Hibernate ORM core version 6.4.4.Final
2024-03-10T18:39:32.759+09:00  INFO 26604 --- [fair-and-news-service] [    Test worker] o.h.c.internal.RegionFactoryInitiator    : HHH000026: Second-level cache disabled
2024-03-10T18:39:33.015+09:00  INFO 26604 --- [fair-and-news-service] [    Test worker] o.s.o.j.p.SpringPersistenceUnitInfo      : No LoadTimeWeaver setup: ignoring JPA class transformer
2024-03-10T18:39:33.063+09:00  WARN 26604 --- [fair-and-news-service] [    Test worker] org.hibernate.orm.deprecation            : HHH90000025: MySQLDialect does not need to be specified explicitly using 'hibernate.dialect' (remove the property setting and it will be selected by default)
2024-03-10T18:39:33.730+09:00  INFO 26604 --- [fair-and-news-service] [    Test worker] o.h.e.t.j.p.i.JtaPlatformInitiator       : HHH000489: No JTA platform available (set 'hibernate.transaction.jta.platform' to enable JTA platform integration)
2024-03-10T18:39:33.733+09:00  INFO 26604 --- [fair-and-news-service] [    Test worker] j.LocalContainerEntityManagerFactoryBean : Initialized JPA EntityManagerFactory for persistence unit 'default'
2024-03-10T18:39:33.983+09:00  INFO 26604 --- [fair-and-news-service] [    Test worker] o.s.d.j.r.query.QueryEnhancerFactory     : Hibernate is in classpath; If applicable, HQL parser will be used.
2024-03-10T18:39:34.496+09:00  WARN 26604 --- [fair-and-news-service] [    Test worker] JpaBaseConfiguration$JpaWebConfiguration : spring.jpa.open-in-view is enabled by default. Therefore, database queries may be performed during view rendering. Explicitly configure spring.jpa.open-in-view to disable this warning
2024-03-10T18:39:34.891+09:00  WARN 26604 --- [fair-and-news-service] [    Test worker] .s.s.UserDetailsServiceAutoConfiguration : 

Using generated security password: 87e46bb6-2c44-4350-85f4-a902f2785e15

This generated password is for development use only. Your security configuration must be updated before running your application in production.

2024-03-10T18:39:35.235+09:00  INFO 26604 --- [fair-and-news-service] [    Test worker] o.s.s.web.DefaultSecurityFilterChain     : Will secure any request with [org.springframework.security.web.session.DisableEncodeUrlFilter@2acacdf, org.springframework.security.web.context.request.async.WebAsyncManagerIntegrationFilter@3d44f15d, org.springframework.security.web.context.SecurityContextHolderFilter@7b5f886d, org.springframework.security.web.header.HeaderWriterFilter@5a59f3d9, org.springframework.web.filter.CorsFilter@674c9079, org.springframework.security.web.authentication.logout.LogoutFilter@181b8d0c, org.springframework.security.web.savedrequest.RequestCacheAwareFilter@9504a58, org.springframework.security.web.servletapi.SecurityContextHolderAwareRequestFilter@c360f40, org.springframework.security.web.authentication.AnonymousAuthenticationFilter@2b5854a7, org.springframework.security.web.access.ExceptionTranslationFilter@129a20d8, org.springframework.security.web.access.intercept.AuthorizationFilter@14c5625d]
2024-03-10T18:39:36.859+09:00  INFO 26604 --- [fair-and-news-service] [    Test worker] o.s.cloud.commons.util.InetUtils         : Cannot determine local hostname
2024-03-10T18:39:36.885+09:00  INFO 26604 --- [fair-and-news-service] [    Test worker] DiscoveryClientOptionalArgsConfiguration : Eureka HTTP Client uses RestTemplate.
2024-03-10T18:39:38.038+09:00  INFO 26604 --- [fair-and-news-service] [    Test worker] o.s.cloud.commons.util.InetUtils         : Cannot determine local hostname
2024-03-10T18:39:38.149+09:00  INFO 26604 --- [fair-and-news-service] [    Test worker] c.t.a.f.c.service.FairServiceImplTest    : Started FairServiceImplTest in 8.913 seconds (process running for 10.2)
Hibernate: 
    select
        f1_0.fair_id,
        f1_0.fair_content,
        f1_0.fair_title,
        f1_0.fair_writedate,
        f1_0.member_code,
        f1_0.use_acceptance 
    from
        fair f1_0 
    where
        f1_0.fair_id=?
Hibernate: 
    select
        f1_0.fair_id,
        f1_0.fair_content,
        f1_0.fair_title,
        f1_0.fair_writedate,
        f1_0.member_code,
        f1_0.use_acceptance 
    from
        fair f1_0 
    where
        f1_0.fair_id=?
Hibernate: 
    select
        f1_0.fair_id,
        f1_0.fair_content,
        f1_0.fair_title,
        f1_0.fair_writedate,
        f1_0.member_code,
        f1_0.use_acceptance 
    from
        fair f1_0 
    where
        f1_0.fair_id=?
Hibernate: 
    select
        f1_0.fair_id,
        f1_0.fair_content,
        f1_0.fair_title,
        f1_0.fair_writedate,
        f1_0.member_code,
        f1_0.use_acceptance 
    from
        fair f1_0 
    where
        f1_0.fair_id=?
2024-03-10T18:39:38.975+09:00  INFO 26604 --- [fair-and-news-service] [    Test worker] c.t.a.f.command.service.FairServiceImpl  :  Fegin Client 작동하나? : ResponseMember{memberCode=1, memberId='admin', memberName='관리자', memberPwd='admin01', memberEmail='user01@gmail.com', memberAddr='서울시 동작구', memberPhone='010-1111-1111', blacklistStatus=0, restrictStartDate=null, restrictEndDate=null, loginFailCount=0, accessAcceptancce=1, withdrawalAcceptance=0, memberCategoryId=1}
Hibernate: 
    insert 
    into
        fair
        (fair_content, fair_title, fair_writedate, member_code, use_acceptance) 
    values
        (?, ?, ?, ?, ?)
Hibernate: 
    select
        f1_0.fair_id,
        f1_0.fair_content,
        f1_0.fair_title,
        f1_0.fair_writedate,
        f1_0.member_code,
        f1_0.use_acceptance 
    from
        fair f1_0 
    where
        f1_0.fair_title=?
Hibernate: 
    insert 
    into
        fair
        (fair_content, fair_title, fair_writedate, member_code, use_acceptance) 
    values
        (?, ?, ?, ?, ?)
Hibernate: 
    select
        f1_0.fair_id,
        f1_0.fair_content,
        f1_0.fair_title,
        f1_0.fair_writedate,
        f1_0.member_code,
        f1_0.use_acceptance 
    from
        fair f1_0 
    where
        f1_0.fair_title=?
Hibernate: 
    insert 
    into
        fair
        (fair_content, fair_title, fair_writedate, member_code, use_acceptance) 
    values
        (?, ?, ?, ?, ?)
Hibernate: 
    select
        f1_0.fair_id,
        f1_0.fair_content,
        f1_0.fair_title,
        f1_0.fair_writedate,
        f1_0.member_code,
        f1_0.use_acceptance 
    from
        fair f1_0 
    where
        f1_0.fair_title=?
]]></system-out>
  <system-err><![CDATA[]]></system-err>
</testsuite>
