<?xml version="1.0" encoding="UTF-8"?>
<testsuite name="com.teamphoenix.ahub.fair.command.service.FairServiceImplTest" tests="7" skipped="0" failures="0" errors="0" timestamp="2024-03-10T11:48:31" hostname="LAPTOP-K0F1N51O" time="1.395">
  <properties/>
  <testcase name="[1] postNum=1" classname="com.teamphoenix.ahub.fair.command.service.FairServiceImplTest" time="0.641"/>
  <testcase name="[2] postNum=3" classname="com.teamphoenix.ahub.fair.command.service.FairServiceImplTest" time="0.02"/>
  <testcase name="[3] postNum=9" classname="com.teamphoenix.ahub.fair.command.service.FairServiceImplTest" time="0.015"/>
  <testcase name="[1] postNum=8, modifyInfo=FairDTO{fairId=8, fairTitle='위스키 페어 게시물 등록2', fairContent='위스키 페어 게시물을 등록합니다.', fairWritedate=2024-03-10T20:48:32.030352, useAcceptance=1, memberCode=1, writerInfo=null}" classname="com.teamphoenix.ahub.fair.command.service.FairServiceImplTest" time="0.522"/>
  <testcase name="[1] fairInfo=FairDTO{fairId=0, fairTitle='위스키 페어 게시물 등록2', fairContent='위스키 페어 게시물을 등록합니다.', fairWritedate=2024-03-10T20:48:32.564074900, useAcceptance=1, memberCode=1, writerInfo=null}" classname="com.teamphoenix.ahub.fair.command.service.FairServiceImplTest" time="0.113"/>
  <testcase name="[2] fairInfo=FairDTO{fairId=0, fairTitle='맥주 페어 게시물 등록3', fairContent='맥주 페어 게시물을 등록합니다.', fairWritedate=2024-03-10T20:48:32.564074900, useAcceptance=1, memberCode=1, writerInfo=null}" classname="com.teamphoenix.ahub.fair.command.service.FairServiceImplTest" time="0.023"/>
  <testcase name="[3] fairInfo=FairDTO{fairId=0, fairTitle='와인 페어 게시물 등록4', fairContent='와인 페어 게시물을 등록합니다.', fairWritedate=2024-03-10T20:48:32.564074900, useAcceptance=1, memberCode=1, writerInfo=null}" classname="com.teamphoenix.ahub.fair.command.service.FairServiceImplTest" time="0.025"/>
  <system-out><![CDATA[20:48:22.195 [Test worker] INFO org.springframework.test.context.support.AnnotationConfigContextLoaderUtils -- Could not detect default configuration classes for test class [com.teamphoenix.ahub.fair.command.service.FairServiceImplTest]: FairServiceImplTest does not declare any static, non-private, non-final, nested classes annotated with @Configuration.
20:48:22.326 [Test worker] INFO org.springframework.boot.test.context.SpringBootTestContextBootstrapper -- Found @SpringBootConfiguration com.teamphoenix.AhubFairAndNewsApplication for test class com.teamphoenix.ahub.fair.command.service.FairServiceImplTest

  .   ____          _            __ _ _
 /\\ / ___'_ __ _ _(_)_ __  __ _ \ \ \ \
( ( )\___ | '_ | '_| | '_ \/ _` | \ \ \ \
 \\/  ___)| |_)| | | | | || (_| |  ) ) ) )
  '  |____| .__|_| |_|_| |_\__, | / / / /
 =========|_|==============|___/=/_/_/_/
 :: Spring Boot ::                (v3.2.3)

2024-03-10T20:48:23.893+09:00  INFO 24968 --- [fair-and-news-service] [    Test worker] c.t.a.f.c.service.FairServiceImplTest    : Starting FairServiceImplTest using Java 17.0.3 with PID 24968 (started by Playdata in C:\study\team4-project-ahub\ahub-fair-and-news)
2024-03-10T20:48:23.895+09:00  INFO 24968 --- [fair-and-news-service] [    Test worker] c.t.a.f.c.service.FairServiceImplTest    : No active profile set, falling back to 1 default profile: "default"
2024-03-10T20:48:24.766+09:00  INFO 24968 --- [fair-and-news-service] [    Test worker] .s.d.r.c.RepositoryConfigurationDelegate : Bootstrapping Spring Data JPA repositories in DEFAULT mode.
2024-03-10T20:48:24.932+09:00  INFO 24968 --- [fair-and-news-service] [    Test worker] .s.d.r.c.RepositoryConfigurationDelegate : Finished Spring Data repository scanning in 155 ms. Found 2 JPA repository interfaces.
2024-03-10T20:48:25.296+09:00  INFO 24968 --- [fair-and-news-service] [    Test worker] o.s.cloud.context.scope.GenericScope     : BeanFactory id=e5ee2630-1978-3ebf-967c-e03330184f96
2024-03-10T20:48:25.467+09:00  WARN 24968 --- [fair-and-news-service] [    Test worker] trationDelegate$BeanPostProcessorChecker : Bean 'org.springframework.cloud.client.loadbalancer.LoadBalancerAutoConfiguration$LoadBalancerInterceptorConfig' of type [org.springframework.cloud.client.loadbalancer.LoadBalancerAutoConfiguration$LoadBalancerInterceptorConfig] is not eligible for getting processed by all BeanPostProcessors (for example: not eligible for auto-proxying). The currently created BeanPostProcessor [lbRestClientPostProcessor] is declared through a non-static factory method on that class; consider declaring it as static instead.
2024-03-10T20:48:25.470+09:00  WARN 24968 --- [fair-and-news-service] [    Test worker] trationDelegate$BeanPostProcessorChecker : Bean 'org.springframework.cloud.loadbalancer.config.BlockingLoadBalancerClientAutoConfiguration' of type [org.springframework.cloud.loadbalancer.config.BlockingLoadBalancerClientAutoConfiguration] is not eligible for getting processed by all BeanPostProcessors (for example: not eligible for auto-proxying). Is this bean getting eagerly injected into a currently created BeanPostProcessor [lbRestClientPostProcessor]? Check the corresponding BeanPostProcessor declaration and its dependencies.
2024-03-10T20:48:25.473+09:00  WARN 24968 --- [fair-and-news-service] [    Test worker] trationDelegate$BeanPostProcessorChecker : Bean 'org.springframework.cloud.loadbalancer.config.LoadBalancerAutoConfiguration' of type [org.springframework.cloud.loadbalancer.config.LoadBalancerAutoConfiguration] is not eligible for getting processed by all BeanPostProcessors (for example: not eligible for auto-proxying). Is this bean getting eagerly injected into a currently created BeanPostProcessor [lbRestClientPostProcessor]? Check the corresponding BeanPostProcessor declaration and its dependencies.
2024-03-10T20:48:25.481+09:00  WARN 24968 --- [fair-and-news-service] [    Test worker] trationDelegate$BeanPostProcessorChecker : Bean 'org.springframework.cloud.commons.config.CommonsConfigAutoConfiguration' of type [org.springframework.cloud.commons.config.CommonsConfigAutoConfiguration] is not eligible for getting processed by all BeanPostProcessors (for example: not eligible for auto-proxying). Is this bean getting eagerly injected into a currently created BeanPostProcessor [lbRestClientPostProcessor]? Check the corresponding BeanPostProcessor declaration and its dependencies.
2024-03-10T20:48:25.484+09:00  WARN 24968 --- [fair-and-news-service] [    Test worker] trationDelegate$BeanPostProcessorChecker : Bean 'org.springframework.cloud.client.loadbalancer.LoadBalancerDefaultMappingsProviderAutoConfiguration' of type [org.springframework.cloud.client.loadbalancer.LoadBalancerDefaultMappingsProviderAutoConfiguration] is not eligible for getting processed by all BeanPostProcessors (for example: not eligible for auto-proxying). Is this bean getting eagerly injected into a currently created BeanPostProcessor [lbRestClientPostProcessor]? Check the corresponding BeanPostProcessor declaration and its dependencies.
2024-03-10T20:48:25.486+09:00  WARN 24968 --- [fair-and-news-service] [    Test worker] trationDelegate$BeanPostProcessorChecker : Bean 'loadBalancerClientsDefaultsMappingsProvider' of type [org.springframework.cloud.client.loadbalancer.LoadBalancerDefaultMappingsProviderAutoConfiguration$$Lambda$1014/0x00000008010e7218] is not eligible for getting processed by all BeanPostProcessors (for example: not eligible for auto-proxying). Is this bean getting eagerly injected into a currently created BeanPostProcessor [lbRestClientPostProcessor]? Check the corresponding BeanPostProcessor declaration and its dependencies.
2024-03-10T20:48:25.488+09:00  WARN 24968 --- [fair-and-news-service] [    Test worker] trationDelegate$BeanPostProcessorChecker : Bean 'defaultsBindHandlerAdvisor' of type [org.springframework.cloud.commons.config.DefaultsBindHandlerAdvisor] is not eligible for getting processed by all BeanPostProcessors (for example: not eligible for auto-proxying). Is this bean getting eagerly injected into a currently created BeanPostProcessor [lbRestClientPostProcessor]? Check the corresponding BeanPostProcessor declaration and its dependencies.
2024-03-10T20:48:25.498+09:00  WARN 24968 --- [fair-and-news-service] [    Test worker] trationDelegate$BeanPostProcessorChecker : Bean 'spring.cloud.loadbalancer-org.springframework.cloud.client.loadbalancer.LoadBalancerClientsProperties' of type [org.springframework.cloud.client.loadbalancer.LoadBalancerClientsProperties] is not eligible for getting processed by all BeanPostProcessors (for example: not eligible for auto-proxying). Is this bean getting eagerly injected into a currently created BeanPostProcessor [lbRestClientPostProcessor]? Check the corresponding BeanPostProcessor declaration and its dependencies.
2024-03-10T20:48:25.504+09:00  WARN 24968 --- [fair-and-news-service] [    Test worker] trationDelegate$BeanPostProcessorChecker : Bean 'default.org.springframework.cloud.loadbalancer.config.LoadBalancerAutoConfiguration.LoadBalancerClientSpecification' of type [org.springframework.cloud.loadbalancer.annotation.LoadBalancerClientSpecification] is not eligible for getting processed by all BeanPostProcessors (for example: not eligible for auto-proxying). Is this bean getting eagerly injected into a currently created BeanPostProcessor [lbRestClientPostProcessor]? Check the corresponding BeanPostProcessor declaration and its dependencies.
2024-03-10T20:48:25.505+09:00  WARN 24968 --- [fair-and-news-service] [    Test worker] trationDelegate$BeanPostProcessorChecker : Bean 'default.org.springframework.cloud.loadbalancer.config.BlockingLoadBalancerClientAutoConfiguration.LoadBalancerClientSpecification' of type [org.springframework.cloud.loadbalancer.annotation.LoadBalancerClientSpecification] is not eligible for getting processed by all BeanPostProcessors (for example: not eligible for auto-proxying). Is this bean getting eagerly injected into a currently created BeanPostProcessor [lbRestClientPostProcessor]? Check the corresponding BeanPostProcessor declaration and its dependencies.
2024-03-10T20:48:25.506+09:00  WARN 24968 --- [fair-and-news-service] [    Test worker] trationDelegate$BeanPostProcessorChecker : Bean 'default.org.springframework.cloud.netflix.eureka.loadbalancer.LoadBalancerEurekaAutoConfiguration.LoadBalancerClientSpecification' of type [org.springframework.cloud.loadbalancer.annotation.LoadBalancerClientSpecification] is not eligible for getting processed by all BeanPostProcessors (for example: not eligible for auto-proxying). Is this bean getting eagerly injected into a currently created BeanPostProcessor [lbRestClientPostProcessor]? Check the corresponding BeanPostProcessor declaration and its dependencies.
2024-03-10T20:48:25.508+09:00  WARN 24968 --- [fair-and-news-service] [    Test worker] trationDelegate$BeanPostProcessorChecker : Bean 'loadBalancerClientFactory' of type [org.springframework.cloud.loadbalancer.support.LoadBalancerClientFactory] is not eligible for getting processed by all BeanPostProcessors (for example: not eligible for auto-proxying). Is this bean getting eagerly injected into a currently created BeanPostProcessor [lbRestClientPostProcessor]? Check the corresponding BeanPostProcessor declaration and its dependencies.
2024-03-10T20:48:25.513+09:00  WARN 24968 --- [fair-and-news-service] [    Test worker] trationDelegate$BeanPostProcessorChecker : Bean 'blockingLoadBalancerClient' of type [org.springframework.cloud.loadbalancer.blocking.client.BlockingLoadBalancerClient] is not eligible for getting processed by all BeanPostProcessors (for example: not eligible for auto-proxying). Is this bean getting eagerly injected into a currently created BeanPostProcessor [lbRestClientPostProcessor]? Check the corresponding BeanPostProcessor declaration and its dependencies.
2024-03-10T20:48:25.523+09:00  WARN 24968 --- [fair-and-news-service] [    Test worker] trationDelegate$BeanPostProcessorChecker : Bean 'loadBalancerServiceInstanceCookieTransformer' of type [org.springframework.cloud.loadbalancer.core.LoadBalancerServiceInstanceCookieTransformer] is not eligible for getting processed by all BeanPostProcessors (for example: not eligible for auto-proxying). Is this bean getting eagerly injected into a currently created BeanPostProcessor [lbRestClientPostProcessor]? Check the corresponding BeanPostProcessor declaration and its dependencies.
2024-03-10T20:48:25.526+09:00  WARN 24968 --- [fair-and-news-service] [    Test worker] trationDelegate$BeanPostProcessorChecker : Bean 'xForwarderHeadersTransformer' of type [org.springframework.cloud.loadbalancer.blocking.XForwardedHeadersTransformer] is not eligible for getting processed by all BeanPostProcessors (for example: not eligible for auto-proxying). Is this bean getting eagerly injected into a currently created BeanPostProcessor [lbRestClientPostProcessor]? Check the corresponding BeanPostProcessor declaration and its dependencies.
2024-03-10T20:48:25.528+09:00  WARN 24968 --- [fair-and-news-service] [    Test worker] trationDelegate$BeanPostProcessorChecker : Bean 'org.springframework.cloud.client.loadbalancer.LoadBalancerAutoConfiguration' of type [org.springframework.cloud.client.loadbalancer.LoadBalancerAutoConfiguration] is not eligible for getting processed by all BeanPostProcessors (for example: not eligible for auto-proxying). Is this bean getting eagerly injected into a currently created BeanPostProcessor [lbRestClientPostProcessor]? Check the corresponding BeanPostProcessor declaration and its dependencies.
2024-03-10T20:48:25.530+09:00  WARN 24968 --- [fair-and-news-service] [    Test worker] trationDelegate$BeanPostProcessorChecker : Bean 'loadBalancerRequestFactory' of type [org.springframework.cloud.client.loadbalancer.LoadBalancerRequestFactory] is not eligible for getting processed by all BeanPostProcessors (for example: not eligible for auto-proxying). Is this bean getting eagerly injected into a currently created BeanPostProcessor [lbRestClientPostProcessor]? Check the corresponding BeanPostProcessor declaration and its dependencies.
2024-03-10T20:48:25.531+09:00  WARN 24968 --- [fair-and-news-service] [    Test worker] trationDelegate$BeanPostProcessorChecker : Bean 'loadBalancerInterceptor' of type [org.springframework.cloud.client.loadbalancer.LoadBalancerInterceptor] is not eligible for getting processed by all BeanPostProcessors (for example: not eligible for auto-proxying). Is this bean getting eagerly injected into a currently created BeanPostProcessor [lbRestClientPostProcessor]? Check the corresponding BeanPostProcessor declaration and its dependencies.
2024-03-10T20:48:25.649+09:00  INFO 24968 --- [fair-and-news-service] [    Test worker] com.zaxxer.hikari.HikariDataSource       : HikariPool-1 - Starting...
2024-03-10T20:48:25.747+09:00  INFO 24968 --- [fair-and-news-service] [    Test worker] com.zaxxer.hikari.pool.HikariPool        : HikariPool-1 - Added connection org.mariadb.jdbc.Connection@47797401
2024-03-10T20:48:25.757+09:00  INFO 24968 --- [fair-and-news-service] [    Test worker] com.zaxxer.hikari.HikariDataSource       : HikariPool-1 - Start completed.
2024-03-10T20:48:25.804+09:00  INFO 24968 --- [fair-and-news-service] [    Test worker] o.hibernate.jpa.internal.util.LogHelper  : HHH000204: Processing PersistenceUnitInfo [name: default]
2024-03-10T20:48:25.850+09:00  INFO 24968 --- [fair-and-news-service] [    Test worker] org.hibernate.Version                    : HHH000412: Hibernate ORM core version 6.4.4.Final
2024-03-10T20:48:25.886+09:00  INFO 24968 --- [fair-and-news-service] [    Test worker] o.h.c.internal.RegionFactoryInitiator    : HHH000026: Second-level cache disabled
2024-03-10T20:48:26.140+09:00  INFO 24968 --- [fair-and-news-service] [    Test worker] o.s.o.j.p.SpringPersistenceUnitInfo      : No LoadTimeWeaver setup: ignoring JPA class transformer
2024-03-10T20:48:26.188+09:00  WARN 24968 --- [fair-and-news-service] [    Test worker] org.hibernate.orm.deprecation            : HHH90000025: MySQLDialect does not need to be specified explicitly using 'hibernate.dialect' (remove the property setting and it will be selected by default)
2024-03-10T20:48:26.864+09:00  INFO 24968 --- [fair-and-news-service] [    Test worker] o.h.e.t.j.p.i.JtaPlatformInitiator       : HHH000489: No JTA platform available (set 'hibernate.transaction.jta.platform' to enable JTA platform integration)
2024-03-10T20:48:26.867+09:00  INFO 24968 --- [fair-and-news-service] [    Test worker] j.LocalContainerEntityManagerFactoryBean : Initialized JPA EntityManagerFactory for persistence unit 'default'
2024-03-10T20:48:27.128+09:00  INFO 24968 --- [fair-and-news-service] [    Test worker] o.s.d.j.r.query.QueryEnhancerFactory     : Hibernate is in classpath; If applicable, HQL parser will be used.
2024-03-10T20:48:27.632+09:00  WARN 24968 --- [fair-and-news-service] [    Test worker] JpaBaseConfiguration$JpaWebConfiguration : spring.jpa.open-in-view is enabled by default. Therefore, database queries may be performed during view rendering. Explicitly configure spring.jpa.open-in-view to disable this warning
2024-03-10T20:48:28.073+09:00  WARN 24968 --- [fair-and-news-service] [    Test worker] .s.s.UserDetailsServiceAutoConfiguration : 

Using generated security password: 542b7b2a-c953-449c-9e39-e2ae84dbbae5

This generated password is for development use only. Your security configuration must be updated before running your application in production.

2024-03-10T20:48:28.408+09:00  INFO 24968 --- [fair-and-news-service] [    Test worker] o.s.s.web.DefaultSecurityFilterChain     : Will secure any request with [org.springframework.security.web.session.DisableEncodeUrlFilter@33f17d3d, org.springframework.security.web.context.request.async.WebAsyncManagerIntegrationFilter@8dba70a, org.springframework.security.web.context.SecurityContextHolderFilter@6a51a39d, org.springframework.security.web.header.HeaderWriterFilter@51d2218e, org.springframework.web.filter.CorsFilter@249c96cf, org.springframework.security.web.authentication.logout.LogoutFilter@2395c168, org.springframework.security.web.savedrequest.RequestCacheAwareFilter@62765e11, org.springframework.security.web.servletapi.SecurityContextHolderAwareRequestFilter@3d73f2a1, org.springframework.security.web.authentication.AnonymousAuthenticationFilter@2ce5ea69, org.springframework.security.web.access.ExceptionTranslationFilter@28897ca, org.springframework.security.web.access.intercept.AuthorizationFilter@50fd7d94]
2024-03-10T20:48:28.658+09:00  WARN 24968 --- [fair-and-news-service] [    Test worker] ion$DefaultTemplateResolverConfiguration : Cannot find template location: classpath:/templates/ (please add some templates, check your Thymeleaf configuration, or set spring.thymeleaf.check-template-location=false)
2024-03-10T20:48:29.992+09:00  INFO 24968 --- [fair-and-news-service] [    Test worker] o.s.cloud.commons.util.InetUtils         : Cannot determine local hostname
2024-03-10T20:48:30.022+09:00  INFO 24968 --- [fair-and-news-service] [    Test worker] DiscoveryClientOptionalArgsConfiguration : Eureka HTTP Client uses RestTemplate.
2024-03-10T20:48:31.202+09:00  INFO 24968 --- [fair-and-news-service] [    Test worker] o.s.cloud.commons.util.InetUtils         : Cannot determine local hostname
2024-03-10T20:48:31.314+09:00  INFO 24968 --- [fair-and-news-service] [    Test worker] c.t.a.f.c.service.FairServiceImplTest    : Started FairServiceImplTest in 8.821 seconds (process running for 9.994)
Hibernate: 
    select
        f1_0.fair_id,
        f1_0.fair_content,
        f1_0.fair_title,
        f1_0.fair_writedate,
        f1_0.member_code,
        f1_0.use_acceptance 
    from
        fair f1_0 
    where
        f1_0.fair_id=?
Hibernate: 
    select
        f1_0.fair_id,
        f1_0.fair_content,
        f1_0.fair_title,
        f1_0.fair_writedate,
        f1_0.member_code,
        f1_0.use_acceptance 
    from
        fair f1_0 
    where
        f1_0.fair_id=?
Hibernate: 
    select
        f1_0.fair_id,
        f1_0.fair_content,
        f1_0.fair_title,
        f1_0.fair_writedate,
        f1_0.member_code,
        f1_0.use_acceptance 
    from
        fair f1_0 
    where
        f1_0.fair_id=?
Hibernate: 
    select
        f1_0.fair_id,
        f1_0.fair_content,
        f1_0.fair_title,
        f1_0.fair_writedate,
        f1_0.member_code,
        f1_0.use_acceptance 
    from
        fair f1_0 
    where
        f1_0.fair_id=?
Hibernate: 
    insert 
    into
        fair
        (fair_content, fair_title, fair_writedate, member_code, use_acceptance) 
    values
        (?, ?, ?, ?, ?)
Hibernate: 
    select
        f1_0.fair_id,
        f1_0.fair_content,
        f1_0.fair_title,
        f1_0.fair_writedate,
        f1_0.member_code,
        f1_0.use_acceptance 
    from
        fair f1_0 
    where
        f1_0.fair_title=?
Hibernate: 
    insert 
    into
        fair
        (fair_content, fair_title, fair_writedate, member_code, use_acceptance) 
    values
        (?, ?, ?, ?, ?)
Hibernate: 
    select
        f1_0.fair_id,
        f1_0.fair_content,
        f1_0.fair_title,
        f1_0.fair_writedate,
        f1_0.member_code,
        f1_0.use_acceptance 
    from
        fair f1_0 
    where
        f1_0.fair_title=?
Hibernate: 
    insert 
    into
        fair
        (fair_content, fair_title, fair_writedate, member_code, use_acceptance) 
    values
        (?, ?, ?, ?, ?)
Hibernate: 
    select
        f1_0.fair_id,
        f1_0.fair_content,
        f1_0.fair_title,
        f1_0.fair_writedate,
        f1_0.member_code,
        f1_0.use_acceptance 
    from
        fair f1_0 
    where
        f1_0.fair_title=?
]]></system-out>
  <system-err><![CDATA[]]></system-err>
</testsuite>
