<?xml version="1.0" encoding="UTF-8"?>
<testsuite name="com.teamphoenix.ahub.news.query.service.NewsServiceImplTest" tests="7" skipped="0" failures="0" errors="0" timestamp="2024-03-10T11:48:33" hostname="LAPTOP-K0F1N51O" time="0.118">
  <properties/>
  <testcase name="[1] postNum=1" classname="com.teamphoenix.ahub.news.query.service.NewsServiceImplTest" time="0.017"/>
  <testcase name="[2] postNum=4" classname="com.teamphoenix.ahub.news.query.service.NewsServiceImplTest" time="0.013"/>
  <testcase name="[3] postNum=5" classname="com.teamphoenix.ahub.news.query.service.NewsServiceImplTest" time="0.011"/>
  <testcase name="[1] newsDTO=NewsDTO{newsId=0, newsTitle='null', newsContent='null', newsWritedate=null, useAcceptance=0, memberCode=0, writerId='null'}" classname="com.teamphoenix.ahub.news.query.service.NewsServiceImplTest" time="0.017"/>
  <testcase name="[2] newsDTO=NewsDTO{newsId=0, newsTitle='2', newsContent='null', newsWritedate=null, useAcceptance=0, memberCode=0, writerId='null'}" classname="com.teamphoenix.ahub.news.query.service.NewsServiceImplTest" time="0.014"/>
  <testcase name="[3] newsDTO=NewsDTO{newsId=0, newsTitle='null', newsContent='와인', newsWritedate=null, useAcceptance=0, memberCode=0, writerId='null'}" classname="com.teamphoenix.ahub.news.query.service.NewsServiceImplTest" time="0.019"/>
  <testcase name="[4] newsDTO=NewsDTO{newsId=0, newsTitle='2', newsContent='와인', newsWritedate=null, useAcceptance=0, memberCode=0, writerId='null'}" classname="com.teamphoenix.ahub.news.query.service.NewsServiceImplTest" time="0.016"/>
  <system-out><![CDATA[2024-03-10T20:48:33.149+09:00  INFO 24968 --- [fair-and-news-service] [    Test worker] t.c.s.AnnotationConfigContextLoaderUtils : Could not detect default configuration classes for test class [com.teamphoenix.ahub.news.query.service.NewsServiceImplTest]: NewsServiceImplTest does not declare any static, non-private, non-final, nested classes annotated with @Configuration.
2024-03-10T20:48:33.164+09:00  INFO 24968 --- [fair-and-news-service] [    Test worker] .b.t.c.SpringBootTestContextBootstrapper : Found @SpringBootConfiguration com.teamphoenix.AhubFairAndNewsApplication for test class com.teamphoenix.ahub.news.query.service.NewsServiceImplTest
]]></system-out>
  <system-err><![CDATA[]]></system-err>
</testsuite>
